0 info it worked if it ends with ok
1 verbose cli [ '/opt/local/bin/node',
1 verbose cli   '/opt/local/bin/npm',
1 verbose cli   'install',
1 verbose cli   'https://github.com/Clarifai/Clarifai_nodejs',
1 verbose cli   '--save' ]
2 info using npm@1.4.14
3 info using node@v0.10.28
4 warn package.json shirtie@1.0.0 No description
5 warn package.json shirtie@1.0.0 No README data
6 verbose readDependencies using package.json deps
7 verbose cache add [ 'https://github.com/Clarifai/Clarifai_nodejs', null ]
8 verbose cache add name=undefined spec="https://github.com/Clarifai/Clarifai_nodejs" args=["https://github.com/Clarifai/Clarifai_nodejs",null]
9 verbose parsed url { protocol: 'https:',
9 verbose parsed url   slashes: true,
9 verbose parsed url   auth: null,
9 verbose parsed url   host: 'github.com',
9 verbose parsed url   port: null,
9 verbose parsed url   hostname: 'github.com',
9 verbose parsed url   hash: null,
9 verbose parsed url   search: null,
9 verbose parsed url   query: null,
9 verbose parsed url   pathname: '/Clarifai/Clarifai_nodejs',
9 verbose parsed url   path: '/Clarifai/Clarifai_nodejs',
9 verbose parsed url   href: 'https://github.com/Clarifai/Clarifai_nodejs' }
10 silly lockFile 838a3a39-hub-com-Clarifai-Clarifai-nodejs https://github.com/Clarifai/Clarifai_nodejs
11 verbose lock https://github.com/Clarifai/Clarifai_nodejs /Users/administrator/.npm/838a3a39-hub-com-Clarifai-Clarifai-nodejs.lock
12 verbose addRemoteTarball [ 'https://github.com/Clarifai/Clarifai_nodejs', null ]
13 info retry fetch attempt 1 at 00:31:15
14 verbose fetch to= /Users/administrator/tmp/npm-76519-hX_hfJKu/github.com/Clarifai/Clarifai_nodejs
15 http GET https://github.com/Clarifai/Clarifai_nodejs
16 http 200 https://github.com/Clarifai/Clarifai_nodejs
17 verbose tar unpack /Users/administrator/tmp/npm-76519-hX_hfJKu/github.com/Clarifai/Clarifai_nodejs
18 silly lockFile c42849de--Clarifai-Clarifai-nodejs-unpack tar:///Users/administrator/tmp/npm-76519-hX_hfJKu/github.com/Clarifai/Clarifai_nodejs-unpack
19 verbose lock tar:///Users/administrator/tmp/npm-76519-hX_hfJKu/github.com/Clarifai/Clarifai_nodejs-unpack /Users/administrator/.npm/c42849de--Clarifai-Clarifai-nodejs-unpack.lock
20 silly lockFile 0b76ebde-hub-com-Clarifai-Clarifai-nodejs tar:///Users/administrator/tmp/npm-76519-hX_hfJKu/github.com/Clarifai/Clarifai_nodejs
21 verbose lock tar:///Users/administrator/tmp/npm-76519-hX_hfJKu/github.com/Clarifai/Clarifai_nodejs /Users/administrator/.npm/0b76ebde-hub-com-Clarifai-Clarifai-nodejs.lock
22 silly gunzTarPerm modes [ '755', '644' ]
23 error not a package /Users/administrator/tmp/npm-76519-hX_hfJKu/github.com/Clarifai/Clarifai_nodejs
24 silly lockFile c42849de--Clarifai-Clarifai-nodejs-unpack tar:///Users/administrator/tmp/npm-76519-hX_hfJKu/github.com/Clarifai/Clarifai_nodejs-unpack
25 silly lockFile c42849de--Clarifai-Clarifai-nodejs-unpack tar:///Users/administrator/tmp/npm-76519-hX_hfJKu/github.com/Clarifai/Clarifai_nodejs-unpack
26 silly lockFile 0b76ebde-hub-com-Clarifai-Clarifai-nodejs tar:///Users/administrator/tmp/npm-76519-hX_hfJKu/github.com/Clarifai/Clarifai_nodejs
27 silly lockFile 0b76ebde-hub-com-Clarifai-Clarifai-nodejs tar:///Users/administrator/tmp/npm-76519-hX_hfJKu/github.com/Clarifai/Clarifai_nodejs
28 silly lockFile 838a3a39-hub-com-Clarifai-Clarifai-nodejs https://github.com/Clarifai/Clarifai_nodejs
29 silly lockFile 838a3a39-hub-com-Clarifai-Clarifai-nodejs https://github.com/Clarifai/Clarifai_nodejs
30 error Error: ENOENT, open '/Users/administrator/tmp/npm-76519-hX_hfJKu/github.com/Clarifai/Clarifai_nodejs-unpack/package.json'
31 error If you need help, you may report this *entire* log,
31 error including the npm and node versions, at:
31 error     <http://github.com/npm/npm/issues>
32 error System Darwin 13.4.0
33 error command "/opt/local/bin/node" "/opt/local/bin/npm" "install" "https://github.com/Clarifai/Clarifai_nodejs" "--save"
34 error cwd /Volumes/Work/projects/htv/shirtie
35 error node -v v0.10.28
36 error npm -v 1.4.14
37 error path /Users/administrator/tmp/npm-76519-hX_hfJKu/github.com/Clarifai/Clarifai_nodejs-unpack/package.json
38 error code ENOENT
39 error errno 34
40 verbose exit [ 34, true ]
